<?xml version="1.0" encoding="UTF-8"?>
<testng-results skipped="0" failed="0" total="0" passed="0">
  <reporter-output>
  </reporter-output>
  <suite name="rough.TestExcel" duration-ms="0" started-at="2016-11-18T00:42:35Z" finished-at="2016-11-18T00:42:35Z">
    <groups>
    </groups>
    <test name="Command line test" duration-ms="0" started-at="2016-11-18T00:42:35Z" finished-at="2016-11-18T00:42:35Z">
    </test> <!-- Command line test -->
  </suite> <!-- rough.TestExcel -->
</testng-results>
